# JRE version: Java(TM) SE Runtime Environment (8.0_144-b01) (build 1.8.0_144-b01)
# Java VM: Java HotSpot(TM) 64-Bit Server VM (25.144-b01 mixed mode windows-amd64 compressed oops)
Heap:
 PSYoungGen      total 275968K, used 236609K [0x000000076ab00000, 0x0000000788180000, 0x00000007c0000000)
  eden space 243712K, 97% used [0x000000076ab00000,0x00000007792107a8,0x0000000779900000)
  from space 32256K, 0% used [0x0000000779900000,0x0000000779900000,0x000000077b880000)
  to   space 33792K, 0% used [0x0000000786080000,0x0000000786080000,0x0000000788180000)
 ParOldGen       total 120832K, used 45432K [0x00000006c0000000, 0x00000006c7600000, 0x000000076ab00000)
  object space 120832K, 37% used [0x00000006c0000000,0x00000006c2c5e050,0x00000006c7600000)
 Metaspace       used 47178K, capacity 48266K, committed 48384K, reserved 1091584K
  class space    used 5272K, capacity 5610K, committed 5632K, reserved 1048576K
GC Heap History (10 events):
Event: 13.640 GC heap before
{Heap before GC invocations=5 (full 0):
 PSYoungGen      total 141824K, used 40766K [0x000000076ab00000, 0x0000000774000000, 0x00000007c0000000)
  eden space 131072K, 22% used [0x000000076ab00000,0x000000076c857460,0x0000000772b00000)
  from space 10752K, 99% used [0x0000000773580000,0x0000000773ff83e0,0x0000000774000000)
  to   space 10752K, 0% used [0x0000000772b00000,0x0000000772b00000,0x0000000773580000)
 ParOldGen       total 175104K, used 5263K [0x00000006c0000000, 0x00000006cab00000, 0x000000076ab00000)
  object space 175104K, 3% used [0x00000006c0000000,0x00000006c0523f20,0x00000006cab00000)
 Metaspace       used 20513K, capacity 21138K, committed 21296K, reserved 1069056K
  class space    used 2418K, capacity 2601K, committed 2688K, reserved 1048576K
Event: 13.686 GC heap after
Heap after GC invocations=5 (full 0):
 PSYoungGen      total 141824K, used 10733K [0x000000076ab00000, 0x000000077d800000, 0x00000007c0000000)
  eden space 131072K, 0% used [0x000000076ab00000,0x000000076ab00000,0x0000000772b00000)
  from space 10752K, 99% used [0x0000000772b00000,0x000000077357b468,0x0000000773580000)
  to   space 23040K, 0% used [0x000000077c180000,0x000000077c180000,0x000000077d800000)
 ParOldGen       total 175104K, used 15909K [0x00000006c0000000, 0x00000006cab00000, 0x000000076ab00000)
  object space 175104K, 9% used [0x00000006c0000000,0x00000006c0f894c8,0x00000006cab00000)
 Metaspace       used 20513K, capacity 21138K, committed 21296K, reserved 1069056K
  class space    used 2418K, capacity 2601K, committed 2688K, reserved 1048576K
}
Event: 13.686 GC heap before
{Heap before GC invocations=6 (full 1):
 PSYoungGen      total 141824K, used 10733K [0x000000076ab00000, 0x000000077d800000, 0x00000007c0000000)
  eden space 131072K, 0% used [0x000000076ab00000,0x000000076ab00000,0x0000000772b00000)
  from space 10752K, 99% used [0x0000000772b00000,0x000000077357b468,0x0000000773580000)
  to   space 23040K, 0% used [0x000000077c180000,0x000000077c180000,0x000000077d800000)
 ParOldGen       total 175104K, used 15909K [0x00000006c0000000, 0x00000006cab00000, 0x000000076ab00000)
  object space 175104K, 9% used [0x00000006c0000000,0x00000006c0f894c8,0x00000006cab00000)
 Metaspace       used 20513K, capacity 21138K, committed 21296K, reserved 1069056K
  class space    used 2418K, capacity 2601K, committed 2688K, reserved 1048576K
Event: 13.801 GC heap after
Heap after GC invocations=6 (full 1):
 PSYoungGen      total 141824K, used 0K [0x000000076ab00000, 0x000000077d800000, 0x00000007c0000000)
  eden space 131072K, 0% used [0x000000076ab00000,0x000000076ab00000,0x0000000772b00000)
  from space 10752K, 0% used [0x0000000772b00000,0x0000000772b00000,0x0000000773580000)
  to   space 23040K, 0% used [0x000000077c180000,0x000000077c180000,0x000000077d800000)
 ParOldGen       total 120832K, used 23689K [0x00000006c0000000, 0x00000006c7600000, 0x000000076ab00000)
  object space 120832K, 19% used [0x00000006c0000000,0x00000006c1722450,0x00000006c7600000)
 Metaspace       used 20513K, capacity 21138K, committed 21296K, reserved 1069056K
  class space    used 2418K, capacity 2601K, committed 2688K, reserved 1048576K
}
Event: 20.099 GC heap before
{Heap before GC invocations=7 (full 1):
 PSYoungGen      total 141824K, used 131072K [0x000000076ab00000, 0x000000077d800000, 0x00000007c0000000)
  eden space 131072K, 100% used [0x000000076ab00000,0x0000000772b00000,0x0000000772b00000)
  from space 10752K, 0% used [0x0000000772b00000,0x0000000772b00000,0x0000000773580000)
  to   space 23040K, 0% used [0x000000077c180000,0x000000077c180000,0x000000077d800000)
 ParOldGen       total 120832K, used 23689K [0x00000006c0000000, 0x00000006c7600000, 0x000000076ab00000)
  object space 120832K, 19% used [0x00000006c0000000,0x00000006c1722450,0x00000006c7600000)
 Metaspace       used 34350K, capacity 35142K, committed 35328K, reserved 1081344K
  class space    used 3843K, capacity 4053K, committed 4096K, reserved 1048576K
Event: 20.147 GC heap after
Heap after GC invocations=7 (full 1):
 PSYoungGen      total 238080K, used 23038K [0x000000076ab00000, 0x000000077d800000, 0x00000007c0000000)
  eden space 215040K, 0% used [0x000000076ab00000,0x000000076ab00000,0x0000000777d00000)
  from space 23040K, 99% used [0x000000077c180000,0x000000077d7ffa70,0x000000077d800000)
  to   space 32256K, 0% used [0x0000000779900000,0x0000000779900000,0x000000077b880000)
 ParOldGen       total 120832K, used 32389K [0x00000006c0000000, 0x00000006c7600000, 0x000000076ab00000)
  object space 120832K, 26% used [0x00000006c0000000,0x00000006c1fa17c8,0x00000006c7600000)
 Metaspace       used 34350K, capacity 35142K, committed 35328K, reserved 1081344K
  class space    used 3843K, capacity 4053K, committed 4096K, reserved 1048576K
}
Event: 20.206 GC heap before
{Heap before GC invocations=8 (full 1):
 PSYoungGen      total 238080K, used 31623K [0x000000076ab00000, 0x000000077d800000, 0x00000007c0000000)
  eden space 215040K, 3% used [0x000000076ab00000,0x000000076b3623b8,0x0000000777d00000)
  from space 23040K, 99% used [0x000000077c180000,0x000000077d7ffa70,0x000000077d800000)
  to   space 32256K, 0% used [0x0000000779900000,0x0000000779900000,0x000000077b880000)
 ParOldGen       total 120832K, used 32389K [0x00000006c0000000, 0x00000006c7600000, 0x000000076ab00000)
  object space 120832K, 26% used [0x00000006c0000000,0x00000006c1fa17c8,0x00000006c7600000)
 Metaspace       used 34672K, capacity 35430K, committed 35496K, reserved 1081344K
  class space    used 3863K, capacity 4085K, committed 4096K, reserved 1048576K
Event: 20.245 GC heap after
Heap after GC invocations=8 (full 1):
 PSYoungGen      total 275968K, used 23222K [0x000000076ab00000, 0x0000000788180000, 0x00000007c0000000)
  eden space 243712K, 0% used [0x000000076ab00000,0x000000076ab00000,0x0000000779900000)
  from space 32256K, 71% used [0x0000000779900000,0x000000077afada18,0x000000077b880000)
  to   space 33792K, 0% used [0x0000000786080000,0x0000000786080000,0x0000000788180000)
 ParOldGen       total 120832K, used 32397K [0x00000006c0000000, 0x00000006c7600000, 0x000000076ab00000)
  object space 120832K, 26% used [0x00000006c0000000,0x00000006c1fa37c8,0x00000006c7600000)
 Metaspace       used 34672K, capacity 35430K, committed 35496K, reserved 1081344K
  class space    used 3863K, capacity 4085K, committed 4096K, reserved 1048576K
}
Event: 20.245 GC heap before
{Heap before GC invocations=9 (full 2):
 PSYoungGen      total 275968K, used 23222K [0x000000076ab00000, 0x0000000788180000, 0x00000007c0000000)
  eden space 243712K, 0% used [0x000000076ab00000,0x000000076ab00000,0x0000000779900000)
  from space 32256K, 71% used [0x0000000779900000,0x000000077afada18,0x000000077b880000)
  to   space 33792K, 0% used [0x0000000786080000,0x0000000786080000,0x0000000788180000)
 ParOldGen       total 120832K, used 32397K [0x00000006c0000000, 0x00000006c7600000, 0x000000076ab00000)
  object space 120832K, 26% used [0x00000006c0000000,0x00000006c1fa37c8,0x00000006c7600000)
 Metaspace       used 34672K, capacity 35430K, committed 35496K, reserved 1081344K
  class space    used 3863K, capacity 4085K, committed 4096K, reserved 1048576K
Event: 20.579 GC heap after
Heap after GC invocations=9 (full 2):
 PSYoungGen      total 275968K, used 0K [0x000000076ab00000, 0x0000000788180000, 0x00000007c0000000)
  eden space 243712K, 0% used [0x000000076ab00000,0x000000076ab00000,0x0000000779900000)
  from space 32256K, 0% used [0x0000000779900000,0x0000000779900000,0x000000077b880000)
  to   space 33792K, 0% used [0x0000000786080000,0x0000000786080000,0x0000000788180000)
 ParOldGen       total 120832K, used 45432K [0x00000006c0000000, 0x00000006c7600000, 0x000000076ab00000)
  object space 120832K, 37% used [0x00000006c0000000,0x00000006c2c5e050,0x00000006c7600000)
 Metaspace       used 34672K, capacity 35430K, committed 35496K, reserved 1081344K
  class space    used 3863K, capacity 4085K, committed 4096K, reserved 1048576K
}

