# JRE version: Java(TM) SE Runtime Environment (8.0_144-b01) (build 1.8.0_144-b01)
# Java VM: Java HotSpot(TM) 64-Bit Server VM (25.144-b01 mixed mode windows-amd64 compressed oops)
Heap:
 PSYoungGen      total 143872K, used 28879K [0x000000076ab00000, 0x0000000777600000, 0x00000007c0000000)
  eden space 122368K, 23% used [0x000000076ab00000,0x000000076c733d50,0x0000000772280000)
  from space 21504K, 0% used [0x0000000772280000,0x0000000772280000,0x0000000773780000)
  to   space 29696K, 0% used [0x0000000775900000,0x0000000775900000,0x0000000777600000)
 ParOldGen       total 220160K, used 50538K [0x00000006c0000000, 0x00000006cd700000, 0x000000076ab00000)
  object space 220160K, 22% used [0x00000006c0000000,0x00000006c315abf0,0x00000006cd700000)
 Metaspace       used 36616K, capacity 37350K, committed 37376K, reserved 1083392K
  class space    used 4141K, capacity 4341K, committed 4352K, reserved 1048576K
GC Heap History (10 events):
Event: 16.456 GC heap before
{Heap before GC invocations=5 (full 0):
 PSYoungGen      total 76288K, used 38723K [0x000000076ab00000, 0x0000000770000000, 0x00000007c0000000)
  eden space 65536K, 42% used [0x000000076ab00000,0x000000076c654b70,0x000000076eb00000)
  from space 10752K, 99% used [0x000000076f580000,0x000000076fffc3f0,0x0000000770000000)
  to   space 10752K, 0% used [0x000000076eb00000,0x000000076eb00000,0x000000076f580000)
 ParOldGen       total 175104K, used 5279K [0x00000006c0000000, 0x00000006cab00000, 0x000000076ab00000)
  object space 175104K, 3% used [0x00000006c0000000,0x00000006c0527d60,0x00000006cab00000)
 Metaspace       used 20527K, capacity 21138K, committed 21296K, reserved 1069056K
  class space    used 2419K, capacity 2601K, committed 2688K, reserved 1048576K
Event: 16.532 GC heap after
Heap after GC invocations=5 (full 0):
 PSYoungGen      total 76288K, used 10729K [0x000000076ab00000, 0x0000000775800000, 0x00000007c0000000)
  eden space 65536K, 0% used [0x000000076ab00000,0x000000076ab00000,0x000000076eb00000)
  from space 10752K, 99% used [0x000000076eb00000,0x000000076f57a718,0x000000076f580000)
  to   space 23040K, 0% used [0x0000000774180000,0x0000000774180000,0x0000000775800000)
 ParOldGen       total 175104K, used 15917K [0x00000006c0000000, 0x00000006cab00000, 0x000000076ab00000)
  object space 175104K, 9% used [0x00000006c0000000,0x00000006c0f8b5c0,0x00000006cab00000)
 Metaspace       used 20527K, capacity 21138K, committed 21296K, reserved 1069056K
  class space    used 2419K, capacity 2601K, committed 2688K, reserved 1048576K
}
Event: 16.532 GC heap before
{Heap before GC invocations=6 (full 1):
 PSYoungGen      total 76288K, used 10729K [0x000000076ab00000, 0x0000000775800000, 0x00000007c0000000)
  eden space 65536K, 0% used [0x000000076ab00000,0x000000076ab00000,0x000000076eb00000)
  from space 10752K, 99% used [0x000000076eb00000,0x000000076f57a718,0x000000076f580000)
  to   space 23040K, 0% used [0x0000000774180000,0x0000000774180000,0x0000000775800000)
 ParOldGen       total 175104K, used 15917K [0x00000006c0000000, 0x00000006cab00000, 0x000000076ab00000)
  object space 175104K, 9% used [0x00000006c0000000,0x00000006c0f8b5c0,0x00000006cab00000)
 Metaspace       used 20527K, capacity 21138K, committed 21296K, reserved 1069056K
  class space    used 2419K, capacity 2601K, committed 2688K, reserved 1048576K
Event: 16.751 GC heap after
Heap after GC invocations=6 (full 1):
 PSYoungGen      total 76288K, used 0K [0x000000076ab00000, 0x0000000775800000, 0x00000007c0000000)
  eden space 65536K, 0% used [0x000000076ab00000,0x000000076ab00000,0x000000076eb00000)
  from space 10752K, 0% used [0x000000076eb00000,0x000000076eb00000,0x000000076f580000)
  to   space 23040K, 0% used [0x0000000774180000,0x0000000774180000,0x0000000775800000)
 ParOldGen       total 131584K, used 23710K [0x00000006c0000000, 0x00000006c8080000, 0x000000076ab00000)
  object space 131584K, 18% used [0x00000006c0000000,0x00000006c1727a38,0x00000006c8080000)
 Metaspace       used 20527K, capacity 21138K, committed 21296K, reserved 1069056K
  class space    used 2419K, capacity 2601K, committed 2688K, reserved 1048576K
}
Event: 21.521 GC heap before
{Heap before GC invocations=7 (full 1):
 PSYoungGen      total 76288K, used 63337K [0x000000076ab00000, 0x0000000775800000, 0x00000007c0000000)
  eden space 65536K, 96% used [0x000000076ab00000,0x000000076e8da478,0x000000076eb00000)
  from space 10752K, 0% used [0x000000076eb00000,0x000000076eb00000,0x000000076f580000)
  to   space 23040K, 0% used [0x0000000774180000,0x0000000774180000,0x0000000775800000)
 ParOldGen       total 131584K, used 23710K [0x00000006c0000000, 0x00000006c8080000, 0x000000076ab00000)
  object space 131584K, 18% used [0x00000006c0000000,0x00000006c1727a38,0x00000006c8080000)
 Metaspace       used 26267K, capacity 26878K, committed 27136K, reserved 1073152K
  class space    used 3029K, capacity 3217K, committed 3328K, reserved 1048576K
Event: 21.555 GC heap after
Heap after GC invocations=7 (full 1):
 PSYoungGen      total 108544K, used 11123K [0x000000076ab00000, 0x0000000774c80000, 0x00000007c0000000)
  eden space 97280K, 0% used [0x000000076ab00000,0x000000076ab00000,0x0000000770a00000)
  from space 11264K, 98% used [0x0000000774180000,0x0000000774c5ce98,0x0000000774c80000)
  to   space 21504K, 0% used [0x0000000772280000,0x0000000772280000,0x0000000773780000)
 ParOldGen       total 131584K, used 23718K [0x00000006c0000000, 0x00000006c8080000, 0x000000076ab00000)
  object space 131584K, 18% used [0x00000006c0000000,0x00000006c1729a38,0x00000006c8080000)
 Metaspace       used 26267K, capacity 26878K, committed 27136K, reserved 1073152K
  class space    used 3029K, capacity 3217K, committed 3328K, reserved 1048576K
}
Event: 24.183 GC heap before
{Heap before GC invocations=8 (full 1):
 PSYoungGen      total 108544K, used 81851K [0x000000076ab00000, 0x0000000774c80000, 0x00000007c0000000)
  eden space 97280K, 72% used [0x000000076ab00000,0x000000076f011f98,0x0000000770a00000)
  from space 11264K, 98% used [0x0000000774180000,0x0000000774c5ce98,0x0000000774c80000)
  to   space 21504K, 0% used [0x0000000772280000,0x0000000772280000,0x0000000773780000)
 ParOldGen       total 131584K, used 23718K [0x00000006c0000000, 0x00000006c8080000, 0x000000076ab00000)
  object space 131584K, 18% used [0x00000006c0000000,0x00000006c1729a38,0x00000006c8080000)
 Metaspace       used 34829K, capacity 35430K, committed 35496K, reserved 1081344K
  class space    used 3887K, capacity 4085K, committed 4096K, reserved 1048576K
Event: 24.249 GC heap after
Heap after GC invocations=8 (full 1):
 PSYoungGen      total 143872K, used 21482K [0x000000076ab00000, 0x0000000777600000, 0x00000007c0000000)
  eden space 122368K, 0% used [0x000000076ab00000,0x000000076ab00000,0x0000000772280000)
  from space 21504K, 99% used [0x0000000772280000,0x000000077377ab58,0x0000000773780000)
  to   space 29696K, 0% used [0x0000000775900000,0x0000000775900000,0x0000000777600000)
 ParOldGen       total 131584K, used 33159K [0x00000006c0000000, 0x00000006c8080000, 0x000000076ab00000)
  object space 131584K, 25% used [0x00000006c0000000,0x00000006c2061fb8,0x00000006c8080000)
 Metaspace       used 34829K, capacity 35430K, committed 35496K, reserved 1081344K
  class space    used 3887K, capacity 4085K, committed 4096K, reserved 1048576K
}
Event: 24.249 GC heap before
{Heap before GC invocations=9 (full 2):
 PSYoungGen      total 143872K, used 21482K [0x000000076ab00000, 0x0000000777600000, 0x00000007c0000000)
  eden space 122368K, 0% used [0x000000076ab00000,0x000000076ab00000,0x0000000772280000)
  from space 21504K, 99% used [0x0000000772280000,0x000000077377ab58,0x0000000773780000)
  to   space 29696K, 0% used [0x0000000775900000,0x0000000775900000,0x0000000777600000)
 ParOldGen       total 131584K, used 33159K [0x00000006c0000000, 0x00000006c8080000, 0x000000076ab00000)
  object space 131584K, 25% used [0x00000006c0000000,0x00000006c2061fb8,0x00000006c8080000)
 Metaspace       used 34829K, capacity 35430K, committed 35496K, reserved 1081344K
  class space    used 3887K, capacity 4085K, committed 4096K, reserved 1048576K
Event: 24.491 GC heap after
Heap after GC invocations=9 (full 2):
 PSYoungGen      total 143872K, used 0K [0x000000076ab00000, 0x0000000777600000, 0x00000007c0000000)
  eden space 122368K, 0% used [0x000000076ab00000,0x000000076ab00000,0x0000000772280000)
  from space 21504K, 0% used [0x0000000772280000,0x0000000772280000,0x0000000773780000)
  to   space 29696K, 0% used [0x0000000775900000,0x0000000775900000,0x0000000777600000)
 ParOldGen       total 220160K, used 50538K [0x00000006c0000000, 0x00000006cd700000, 0x000000076ab00000)
  object space 220160K, 22% used [0x00000006c0000000,0x00000006c315abf0,0x00000006cd700000)
 Metaspace       used 34829K, capacity 35430K, committed 35496K, reserved 1081344K
  class space    used 3887K, capacity 4085K, committed 4096K, reserved 1048576K
}

